<?xml version="1.0" encoding="UTF-8"?>
<!-- Generated by org.testng.reporters.JUnitXMLReporter -->
<testsuite ignored="1" hostname="LAPTOP-VFKJ2SC9" failures="0" tests="1" name="Error Validations Test(failed)" time="10.256" errors="0" timestamp="2022-10-06T01:34:43 IST">
  <testcase classname="Selenium.tests.ErrorValidationsTest" name="ProductCataloguePageErrorValidation" time="2.615"/>
  <testcase classname="Selenium.tests.ErrorValidationsTest" name="LoginPageErrorValidation" time="0.0">
    <ignored/>
  </testcase> <!-- LoginPageErrorValidation -->
</testsuite> <!-- Error Validations Test(failed) -->
